Mensaje I / 00:00:00:000 / Root(00) para top(01)
Mensaje I / 00:00:00:000 / top(01) para scanner(02)
Mensaje I / 00:00:00:000 / top(01) para interpreter(05)
Mensaje I / 00:00:00:000 / top(01) para correction(09)
Mensaje I / 00:00:00:000 / scanner(02) para s(03)
Mensaje I / 00:00:00:000 / scanner(02) para sq(04)
Mensaje I / 00:00:00:000 / interpreter(05) para i(06)
Mensaje I / 00:00:00:000 / interpreter(05) para iq(07)
Mensaje I / 00:00:00:000 / interpreter(05) para igr(08)
Mensaje I / 00:00:00:000 / correction(09) para v(10)
Mensaje I / 00:00:00:000 / correction(09) para vq(11)
Mensaje I / 00:00:00:000 / correction(09) para vgr(12)
Mensaje D / 00:00:00:000 / s(03) / ... para scanner(02)
Mensaje D / 00:00:00:000 / sq(04) / ... para scanner(02)
Mensaje D / 00:00:00:000 / i(06) / ... para interpreter(05)
Mensaje D / 00:00:00:000 / iq(07) / ... para interpreter(05)
Mensaje D / 00:00:00:000 / igr(08) / 00:00:00:000 para interpreter(05)
Mensaje D / 00:00:00:000 / v(10) / ... para correction(09)
Mensaje D / 00:00:00:000 / vq(11) / ... para correction(09)
Mensaje D / 00:00:00:000 / vgr(12) / 00:00:00:000 para correction(09)
Mensaje D / 00:00:00:000 / scanner(02) / ... para top(01)
Mensaje D / 00:00:00:000 / interpreter(05) / 00:00:00:000 para top(01)
Mensaje D / 00:00:00:000 / correction(09) / 00:00:00:000 para top(01)
Mensaje D / 00:00:00:000 / top(01) / 00:00:00:000 para Root(00)
Mensaje X / 00:00:00:000 / Root(00) / lote /     10.00000 para top(01)
Mensaje X / 00:00:00:000 / top(01) / lote /     10.00000 para scanner(02)
Mensaje X / 00:00:00:000 / scanner(02) / in /     10.00000 para sq(04)
Mensaje D / 00:00:00:000 / sq(04) / 00:00:03:000 para scanner(02)
Mensaje D / 00:00:00:000 / scanner(02) / 00:00:03:000 para top(01)
Mensaje D / 00:00:00:000 / top(01) / 00:00:00:000 para Root(00)
Mensaje * / 00:00:00:000 / Root(00) para top(01)
Mensaje * / 00:00:00:000 / top(01) para interpreter(05)
Mensaje * / 00:00:00:000 / interpreter(05) para igr(08)
Mensaje Y / 00:00:00:000 / igr(08) / out /      0.00000 para interpreter(05)
Mensaje D / 00:00:00:000 / igr(08) / 00:00:09:877 para interpreter(05)
Mensaje X / 00:00:00:000 / interpreter(05) / rechazo /      0.00000 para i(06)
Mensaje D / 00:00:00:000 / i(06) / ... para interpreter(05)
Mensaje D / 00:00:00:000 / interpreter(05) / 00:00:09:877 para top(01)
Mensaje D / 00:00:00:000 / top(01) / 00:00:00:000 para Root(00)
Mensaje * / 00:00:00:000 / Root(00) para top(01)
Mensaje * / 00:00:00:000 / top(01) para correction(09)
Mensaje * / 00:00:00:000 / correction(09) para vgr(12)
Mensaje Y / 00:00:00:000 / vgr(12) / out /      0.00000 para correction(09)
Mensaje D / 00:00:00:000 / vgr(12) / 00:00:20:390 para correction(09)
Mensaje X / 00:00:00:000 / correction(09) / rechazo /      0.00000 para v(10)
Mensaje D / 00:00:00:000 / v(10) / ... para correction(09)
Mensaje D / 00:00:00:000 / correction(09) / 00:00:20:390 para top(01)
Mensaje D / 00:00:00:000 / top(01) / 00:00:03:000 para Root(00)
Mensaje * / 00:00:03:000 / Root(00) para top(01)
Mensaje * / 00:00:03:000 / top(01) para scanner(02)
Mensaje * / 00:00:03:000 / scanner(02) para sq(04)
Mensaje Y / 00:00:03:000 / sq(04) / out /     10.00000 para scanner(02)
Mensaje D / 00:00:03:000 / sq(04) / ... para scanner(02)
Mensaje X / 00:00:03:000 / scanner(02) / lote /     10.00000 para s(03)
Mensaje D / 00:00:03:000 / s(03) / 00:00:05:000 para scanner(02)
Mensaje D / 00:00:03:000 / scanner(02) / 00:00:05:000 para top(01)
Mensaje D / 00:00:03:000 / top(01) / 00:00:05:000 para Root(00)
Mensaje * / 00:00:08:000 / Root(00) para top(01)
Mensaje * / 00:00:08:000 / top(01) para scanner(02)
Mensaje * / 00:00:08:000 / scanner(02) para s(03)
Mensaje D / 00:00:08:000 / s(03) / 00:00:00:750 para scanner(02)
Mensaje D / 00:00:08:000 / scanner(02) / 00:00:00:750 para top(01)
Mensaje D / 00:00:08:000 / top(01) / 00:00:00:750 para Root(00)
Mensaje * / 00:00:08:750 / Root(00) para top(01)
Mensaje * / 00:00:08:750 / top(01) para scanner(02)
Mensaje * / 00:00:08:750 / scanner(02) para s(03)
Mensaje Y / 00:00:08:750 / s(03) / doc /      1.00000 para scanner(02)
Mensaje D / 00:00:08:750 / s(03) / 00:00:00:750 para scanner(02)
Mensaje Y / 00:00:08:750 / scanner(02) / doc /      1.00000 para top(01)
Mensaje D / 00:00:08:750 / scanner(02) / 00:00:00:750 para top(01)
Mensaje X / 00:00:08:750 / top(01) / doc /      1.00000 para interpreter(05)
Mensaje X / 00:00:08:750 / interpreter(05) / in /      1.00000 para iq(07)
Mensaje D / 00:00:08:750 / iq(07) / 00:00:02:000 para interpreter(05)
Mensaje D / 00:00:08:750 / interpreter(05) / 00:00:01:127 para top(01)
Mensaje D / 00:00:08:750 / top(01) / 00:00:00:750 para Root(00)
Mensaje * / 00:00:09:500 / Root(00) para top(01)
Mensaje * / 00:00:09:500 / top(01) para scanner(02)
Mensaje * / 00:00:09:500 / scanner(02) para s(03)
Mensaje Y / 00:00:09:500 / s(03) / doc /      1.00000 para scanner(02)
Mensaje D / 00:00:09:500 / s(03) / 00:00:00:750 para scanner(02)
Mensaje Y / 00:00:09:500 / scanner(02) / doc /      1.00000 para top(01)
Mensaje D / 00:00:09:500 / scanner(02) / 00:00:00:750 para top(01)
Mensaje X / 00:00:09:500 / top(01) / doc /      1.00000 para interpreter(05)
Mensaje X / 00:00:09:500 / interpreter(05) / in /      1.00000 para iq(07)
Mensaje D / 00:00:09:500 / iq(07) / 00:00:01:250 para interpreter(05)
Mensaje D / 00:00:09:500 / interpreter(05) / 00:00:00:377 para top(01)
Mensaje D / 00:00:09:500 / top(01) / 00:00:00:377 para Root(00)
Mensaje * / 00:00:09:877 / Root(00) para top(01)
Mensaje * / 00:00:09:877 / top(01) para interpreter(05)
Mensaje * / 00:00:09:877 / interpreter(05) para igr(08)
Mensaje Y / 00:00:09:877 / igr(08) / out /      1.00000 para interpreter(05)
Mensaje D / 00:00:09:877 / igr(08) / 00:00:00:421 para interpreter(05)
Mensaje X / 00:00:09:877 / interpreter(05) / rechazo /      1.00000 para i(06)
Mensaje D / 00:00:09:877 / i(06) / ... para interpreter(05)
Mensaje D / 00:00:09:877 / interpreter(05) / 00:00:00:421 para top(01)
Mensaje D / 00:00:09:877 / top(01) / 00:00:00:373 para Root(00)
Mensaje * / 00:00:10:250 / Root(00) para top(01)
Mensaje * / 00:00:10:250 / top(01) para scanner(02)
Mensaje * / 00:00:10:250 / scanner(02) para s(03)
Mensaje Y / 00:00:10:250 / s(03) / doc /      1.00000 para scanner(02)
Mensaje D / 00:00:10:250 / s(03) / 00:00:00:750 para scanner(02)
Mensaje Y / 00:00:10:250 / scanner(02) / doc /      1.00000 para top(01)
Mensaje D / 00:00:10:250 / scanner(02) / 00:00:00:750 para top(01)
Mensaje X / 00:00:10:250 / top(01) / doc /      1.00000 para interpreter(05)
Mensaje X / 00:00:10:250 / interpreter(05) / in /      1.00000 para iq(07)
Mensaje D / 00:00:10:250 / iq(07) / 00:00:00:500 para interpreter(05)
Mensaje D / 00:00:10:250 / interpreter(05) / 00:00:00:048 para top(01)
Mensaje D / 00:00:10:250 / top(01) / 00:00:00:048 para Root(00)
Mensaje * / 00:00:10:298 / Root(00) para top(01)
Mensaje * / 00:00:10:298 / top(01) para interpreter(05)
Mensaje * / 00:00:10:298 / interpreter(05) para igr(08)
Mensaje Y / 00:00:10:298 / igr(08) / out /      2.00000 para interpreter(05)
Mensaje D / 00:00:10:298 / igr(08) / 00:00:10:354 para interpreter(05)
Mensaje X / 00:00:10:298 / interpreter(05) / rechazo /      2.00000 para i(06)
Mensaje D / 00:00:10:298 / i(06) / ... para interpreter(05)
Mensaje D / 00:00:10:298 / interpreter(05) / 00:00:00:452 para top(01)
Mensaje D / 00:00:10:298 / top(01) / 00:00:00:452 para Root(00)
Mensaje * / 00:00:10:750 / Root(00) para top(01)
Mensaje * / 00:00:10:750 / top(01) para interpreter(05)
Mensaje * / 00:00:10:750 / interpreter(05) para iq(07)
Mensaje Y / 00:00:10:750 / iq(07) / out /      1.00000 para interpreter(05)
Mensaje D / 00:00:10:750 / iq(07) / ... para interpreter(05)
Mensaje X / 00:00:10:750 / interpreter(05) / doc /      1.00000 para i(06)
Mensaje D / 00:00:10:750 / i(06) / 00:00:00:000 para interpreter(05)
Mensaje D / 00:00:10:750 / interpreter(05) / 00:00:00:000 para top(01)
Mensaje D / 00:00:10:750 / top(01) / 00:00:00:000 para Root(00)
Mensaje * / 00:00:10:750 / Root(00) para top(01)
Mensaje * / 00:00:10:750 / top(01) para interpreter(05)
Mensaje * / 00:00:10:750 / interpreter(05) para i(06)
Mensaje Y / 00:00:10:750 / i(06) / docv /      1.00000 para interpreter(05)
Mensaje Y / 00:00:10:750 / i(06) / arrancar /      0.00000 para interpreter(05)
Mensaje D / 00:00:10:750 / i(06) / ... para interpreter(05)
Mensaje Y / 00:00:10:750 / interpreter(05) / docv /      1.00000 para top(01)
Mensaje X / 00:00:10:750 / interpreter(05) / done /      1.00000 para iq(07)
Mensaje X / 00:00:10:750 / interpreter(05) / stop /      0.00000 para igr(08)
Mensaje X / 00:00:10:750 / top(01) / doc /      1.00000 para correction(09)
Mensaje D / 00:00:10:750 / iq(07) / 00:00:02:000 para interpreter(05)
Mensaje D / 00:00:10:750 / igr(08) / 00:00:09:902 para interpreter(05)
Mensaje X / 00:00:10:750 / correction(09) / in /      1.00000 para vq(11)
Mensaje D / 00:00:10:750 / interpreter(05) / 00:00:02:000 para top(01)
Mensaje D / 00:00:10:750 / vq(11) / 00:00:10:000 para correction(09)
Mensaje D / 00:00:10:750 / correction(09) / 00:00:09:640 para top(01)
Mensaje D / 00:00:10:750 / top(01) / 00:00:00:250 para Root(00)
Mensaje * / 00:00:11:000 / Root(00) para top(01)
Mensaje * / 00:00:11:000 / top(01) para scanner(02)
Mensaje * / 00:00:11:000 / scanner(02) para s(03)
Mensaje Y / 00:00:11:000 / s(03) / doc /      1.00000 para scanner(02)
Mensaje D / 00:00:11:000 / s(03) / 00:00:00:750 para scanner(02)
Mensaje Y / 00:00:11:000 / scanner(02) / doc /      1.00000 para top(01)
Mensaje D / 00:00:11:000 / scanner(02) / 00:00:00:750 para top(01)
Mensaje X / 00:00:11:000 / top(01) / doc /      1.00000 para interpreter(05)
Mensaje X / 00:00:11:000 / interpreter(05) / in /      1.00000 para iq(07)
Mensaje D / 00:00:11:000 / iq(07) / 00:00:01:750 para interpreter(05)
Mensaje D / 00:00:11:000 / interpreter(05) / 00:00:01:750 para top(01)
Mensaje D / 00:00:11:000 / top(01) / 00:00:00:750 para Root(00)
Mensaje * / 00:00:11:750 / Root(00) para top(01)
Mensaje * / 00:00:11:750 / top(01) para scanner(02)
Mensaje * / 00:00:11:750 / scanner(02) para s(03)
Mensaje Y / 00:00:11:750 / s(03) / doc /      1.00000 para scanner(02)
Mensaje D / 00:00:11:750 / s(03) / 00:00:00:750 para scanner(02)
Mensaje Y / 00:00:11:750 / scanner(02) / doc /      1.00000 para top(01)
Mensaje D / 00:00:11:750 / scanner(02) / 00:00:00:750 para top(01)
Mensaje X / 00:00:11:750 / top(01) / doc /      1.00000 para interpreter(05)
Mensaje X / 00:00:11:750 / interpreter(05) / in /      1.00000 para iq(07)
Mensaje D / 00:00:11:750 / iq(07) / 00:00:01:000 para interpreter(05)
Mensaje D / 00:00:11:750 / interpreter(05) / 00:00:01:000 para top(01)
Mensaje D / 00:00:11:750 / top(01) / 00:00:00:750 para Root(00)
Mensaje * / 00:00:12:500 / Root(00) para top(01)
Mensaje * / 00:00:12:500 / top(01) para scanner(02)
Mensaje * / 00:00:12:500 / scanner(02) para s(03)
Mensaje Y / 00:00:12:500 / s(03) / doc /      1.00000 para scanner(02)
Mensaje D / 00:00:12:500 / s(03) / 00:00:00:750 para scanner(02)
Mensaje Y / 00:00:12:500 / scanner(02) / doc /      1.00000 para top(01)
Mensaje D / 00:00:12:500 / scanner(02) / 00:00:00:750 para top(01)
Mensaje X / 00:00:12:500 / top(01) / doc /      1.00000 para interpreter(05)
Mensaje X / 00:00:12:500 / interpreter(05) / in /      1.00000 para iq(07)
Mensaje D / 00:00:12:500 / iq(07) / 00:00:00:250 para interpreter(05)
Mensaje D / 00:00:12:500 / interpreter(05) / 00:00:00:250 para top(01)
Mensaje D / 00:00:12:500 / top(01) / 00:00:00:250 para Root(00)
Mensaje * / 00:00:12:750 / Root(00) para top(01)
Mensaje * / 00:00:12:750 / top(01) para interpreter(05)
Mensaje * / 00:00:12:750 / interpreter(05) para iq(07)
Mensaje Y / 00:00:12:750 / iq(07) / out /      1.00000 para interpreter(05)
Mensaje D / 00:00:12:750 / iq(07) / ... para interpreter(05)
Mensaje X / 00:00:12:750 / interpreter(05) / doc /      1.00000 para i(06)
Mensaje D / 00:00:12:750 / i(06) / 00:00:00:000 para interpreter(05)
Mensaje D / 00:00:12:750 / interpreter(05) / 00:00:00:000 para top(01)
Mensaje D / 00:00:12:750 / top(01) / 00:00:00:000 para Root(00)
Mensaje * / 00:00:12:750 / Root(00) para top(01)
Mensaje * / 00:00:12:750 / top(01) para interpreter(05)
Mensaje * / 00:00:12:750 / interpreter(05) para i(06)
Mensaje Y / 00:00:12:750 / i(06) / doct /      1.00000 para interpreter(05)
Mensaje D / 00:00:12:750 / i(06) / ... para interpreter(05)
Mensaje Y / 00:00:12:750 / interpreter(05) / doct /      1.00000 para top(01)
Mensaje X / 00:00:12:750 / interpreter(05) / done /      1.00000 para iq(07)
Mensaje D / 00:00:12:750 / iq(07) / 00:00:02:000 para interpreter(05)
Mensaje D / 00:00:12:750 / interpreter(05) / 00:00:02:000 para top(01)
Mensaje D / 00:00:12:750 / top(01) / 00:00:00:500 para Root(00)
Mensaje * / 00:00:13:250 / Root(00) para top(01)
Mensaje * / 00:00:13:250 / top(01) para scanner(02)
Mensaje * / 00:00:13:250 / scanner(02) para s(03)
Mensaje Y / 00:00:13:250 / s(03) / doc /      1.00000 para scanner(02)
Mensaje D / 00:00:13:250 / s(03) / 00:00:00:750 para scanner(02)
Mensaje Y / 00:00:13:250 / scanner(02) / doc /      1.00000 para top(01)
Mensaje D / 00:00:13:250 / scanner(02) / 00:00:00:750 para top(01)
Mensaje X / 00:00:13:250 / top(01) / doc /      1.00000 para interpreter(05)
Mensaje X / 00:00:13:250 / interpreter(05) / in /      1.00000 para iq(07)
Mensaje D / 00:00:13:250 / iq(07) / 00:00:01:500 para interpreter(05)
Mensaje D / 00:00:13:250 / interpreter(05) / 00:00:01:500 para top(01)
Mensaje D / 00:00:13:250 / top(01) / 00:00:00:750 para Root(00)
Mensaje * / 00:00:14:000 / Root(00) para top(01)
Mensaje * / 00:00:14:000 / top(01) para scanner(02)
Mensaje * / 00:00:14:000 / scanner(02) para s(03)
Mensaje Y / 00:00:14:000 / s(03) / doc /      1.00000 para scanner(02)
Mensaje D / 00:00:14:000 / s(03) / 00:00:00:750 para scanner(02)
Mensaje Y / 00:00:14:000 / scanner(02) / doc /      1.00000 para top(01)
Mensaje D / 00:00:14:000 / scanner(02) / 00:00:00:750 para top(01)
Mensaje X / 00:00:14:000 / top(01) / doc /      1.00000 para interpreter(05)
Mensaje X / 00:00:14:000 / interpreter(05) / in /      1.00000 para iq(07)
Mensaje D / 00:00:14:000 / iq(07) / 00:00:00:750 para interpreter(05)
Mensaje D / 00:00:14:000 / interpreter(05) / 00:00:00:750 para top(01)
Mensaje D / 00:00:14:000 / top(01) / 00:00:00:750 para Root(00)
Mensaje * / 00:00:14:750 / Root(00) para top(01)
Mensaje * / 00:00:14:750 / top(01) para scanner(02)
Mensaje * / 00:00:14:750 / scanner(02) para s(03)
Mensaje Y / 00:00:14:750 / s(03) / doc /      1.00000 para scanner(02)
Mensaje D / 00:00:14:750 / s(03) / 00:00:00:750 para scanner(02)
Mensaje Y / 00:00:14:750 / scanner(02) / doc /      1.00000 para top(01)
Mensaje D / 00:00:14:750 / scanner(02) / 00:00:00:750 para top(01)
Mensaje X / 00:00:14:750 / top(01) / doc /      1.00000 para interpreter(05)
Mensaje X / 00:00:14:750 / interpreter(05) / in /      1.00000 para iq(07)
Mensaje D / 00:00:14:750 / iq(07) / 00:00:00:000 para interpreter(05)
Mensaje D / 00:00:14:750 / interpreter(05) / 00:00:00:000 para top(01)
Mensaje D / 00:00:14:750 / top(01) / 00:00:00:000 para Root(00)
Mensaje * / 00:00:14:750 / Root(00) para top(01)
Mensaje * / 00:00:14:750 / top(01) para interpreter(05)
Mensaje * / 00:00:14:750 / interpreter(05) para iq(07)
Mensaje Y / 00:00:14:750 / iq(07) / out /      1.00000 para interpreter(05)
Mensaje D / 00:00:14:750 / iq(07) / ... para interpreter(05)
Mensaje X / 00:00:14:750 / interpreter(05) / doc /      1.00000 para i(06)
Mensaje D / 00:00:14:750 / i(06) / 00:00:00:000 para interpreter(05)
Mensaje D / 00:00:14:750 / interpreter(05) / 00:00:00:000 para top(01)
Mensaje D / 00:00:14:750 / top(01) / 00:00:00:000 para Root(00)
Mensaje * / 00:00:14:750 / Root(00) para top(01)
Mensaje * / 00:00:14:750 / top(01) para interpreter(05)
Mensaje * / 00:00:14:750 / interpreter(05) para i(06)
Mensaje Y / 00:00:14:750 / i(06) / doct /      1.00000 para interpreter(05)
Mensaje D / 00:00:14:750 / i(06) / ... para interpreter(05)
Mensaje Y / 00:00:14:750 / interpreter(05) / doct /      1.00000 para top(01)
Mensaje X / 00:00:14:750 / interpreter(05) / done /      1.00000 para iq(07)
Mensaje D / 00:00:14:750 / iq(07) / 00:00:02:000 para interpreter(05)
Mensaje D / 00:00:14:750 / interpreter(05) / 00:00:02:000 para top(01)
Mensaje D / 00:00:14:750 / top(01) / 00:00:00:750 para Root(00)
Mensaje * / 00:00:15:500 / Root(00) para top(01)
Mensaje * / 00:00:15:500 / top(01) para scanner(02)
Mensaje * / 00:00:15:500 / scanner(02) para s(03)
Mensaje Y / 00:00:15:500 / s(03) / doc /      1.00000 para scanner(02)
Mensaje D / 00:00:15:500 / s(03) / 00:00:00:000 para scanner(02)
Mensaje Y / 00:00:15:500 / scanner(02) / doc /      1.00000 para top(01)
Mensaje D / 00:00:15:500 / scanner(02) / 00:00:00:000 para top(01)
Mensaje X / 00:00:15:500 / top(01) / doc /      1.00000 para interpreter(05)
Mensaje X / 00:00:15:500 / interpreter(05) / in /      1.00000 para iq(07)
Mensaje D / 00:00:15:500 / iq(07) / 00:00:01:250 para interpreter(05)
Mensaje D / 00:00:15:500 / interpreter(05) / 00:00:01:250 para top(01)
Mensaje D / 00:00:15:500 / top(01) / 00:00:00:000 para Root(00)
Mensaje * / 00:00:15:500 / Root(00) para top(01)
Mensaje * / 00:00:15:500 / top(01) para scanner(02)
Mensaje * / 00:00:15:500 / scanner(02) para s(03)
Mensaje Y / 00:00:15:500 / s(03) / tomarlote /      2.00000 para scanner(02)
Mensaje D / 00:00:15:500 / s(03) / ... para scanner(02)
Mensaje X / 00:00:15:500 / scanner(02) / done /      2.00000 para sq(04)
Mensaje D / 00:00:15:500 / sq(04) / 00:00:00:000 para scanner(02)
Mensaje D / 00:00:15:500 / scanner(02) / 00:00:00:000 para top(01)
Mensaje D / 00:00:15:500 / top(01) / 00:00:00:000 para Root(00)
Mensaje * / 00:00:15:500 / Root(00) para top(01)
Mensaje * / 00:00:15:500 / top(01) para scanner(02)
Mensaje * / 00:00:15:500 / scanner(02) para sq(04)
Mensaje Y / 00:00:15:500 / sq(04) / empty /      1.00000 para scanner(02)
Mensaje D / 00:00:15:500 / sq(04) / ... para scanner(02)
Mensaje X / 00:00:15:500 / scanner(02) / colavacia /      1.00000 para s(03)
Mensaje D / 00:00:15:500 / s(03) / 00:00:00:000 para scanner(02)
Mensaje D / 00:00:15:500 / scanner(02) / 00:00:00:000 para top(01)
Mensaje D / 00:00:15:500 / top(01) / 00:00:00:000 para Root(00)
Mensaje * / 00:00:15:500 / Root(00) para top(01)
Mensaje * / 00:00:15:500 / top(01) para scanner(02)
Mensaje * / 00:00:15:500 / scanner(02) para s(03)
Mensaje Y / 00:00:15:500 / s(03) / tidle /      0.00000 para scanner(02)
Mensaje Y / 00:00:15:500 / s(03) / cantdoc /     10.00000 para scanner(02)
Mensaje D / 00:00:15:500 / s(03) / ... para scanner(02)
Mensaje Y / 00:00:15:500 / scanner(02) / tidle /      0.00000 para top(01)
Mensaje D / 00:00:15:500 / scanner(02) / ... para top(01)
Mensaje Y / 00:00:15:500 / top(01) / tidlescan /      0.00000 para Root(00)
Mensaje D / 00:00:15:500 / top(01) / 00:00:01:250 para Root(00)
Mensaje * / 00:00:16:750 / Root(00) para top(01)
Mensaje * / 00:00:16:750 / top(01) para interpreter(05)
Mensaje * / 00:00:16:750 / interpreter(05) para iq(07)
Mensaje Y / 00:00:16:750 / iq(07) / out /      1.00000 para interpreter(05)
Mensaje D / 00:00:16:750 / iq(07) / ... para interpreter(05)
Mensaje X / 00:00:16:750 / interpreter(05) / doc /      1.00000 para i(06)
Mensaje D / 00:00:16:750 / i(06) / 00:00:00:000 para interpreter(05)
Mensaje D / 00:00:16:750 / interpreter(05) / 00:00:00:000 para top(01)
Mensaje D / 00:00:16:750 / top(01) / 00:00:00:000 para Root(00)
Mensaje * / 00:00:16:750 / Root(00) para top(01)
Mensaje * / 00:00:16:750 / top(01) para interpreter(05)
Mensaje * / 00:00:16:750 / interpreter(05) para i(06)
Mensaje Y / 00:00:16:750 / i(06) / doct /      1.00000 para interpreter(05)
Mensaje D / 00:00:16:750 / i(06) / ... para interpreter(05)
Mensaje Y / 00:00:16:750 / interpreter(05) / doct /      1.00000 para top(01)
Mensaje X / 00:00:16:750 / interpreter(05) / done /      1.00000 para iq(07)
Mensaje D / 00:00:16:750 / iq(07) / 00:00:02:000 para interpreter(05)
Mensaje D / 00:00:16:750 / interpreter(05) / 00:00:02:000 para top(01)
Mensaje D / 00:00:16:750 / top(01) / 00:00:02:000 para Root(00)
Mensaje * / 00:00:18:750 / Root(00) para top(01)
Mensaje * / 00:00:18:750 / top(01) para interpreter(05)
Mensaje * / 00:00:18:750 / interpreter(05) para iq(07)
Mensaje Y / 00:00:18:750 / iq(07) / out /      1.00000 para interpreter(05)
Mensaje D / 00:00:18:750 / iq(07) / ... para interpreter(05)
Mensaje X / 00:00:18:750 / interpreter(05) / doc /      1.00000 para i(06)
Mensaje D / 00:00:18:750 / i(06) / 00:00:00:000 para interpreter(05)
Mensaje D / 00:00:18:750 / interpreter(05) / 00:00:00:000 para top(01)
Mensaje D / 00:00:18:750 / top(01) / 00:00:00:000 para Root(00)
Mensaje * / 00:00:18:750 / Root(00) para top(01)
Mensaje * / 00:00:18:750 / top(01) para interpreter(05)
Mensaje * / 00:00:18:750 / interpreter(05) para i(06)
Mensaje Y / 00:00:18:750 / i(06) / doct /      1.00000 para interpreter(05)
Mensaje D / 00:00:18:750 / i(06) / ... para interpreter(05)
Mensaje Y / 00:00:18:750 / interpreter(05) / doct /      1.00000 para top(01)
Mensaje X / 00:00:18:750 / interpreter(05) / done /      1.00000 para iq(07)
Mensaje D / 00:00:18:750 / iq(07) / 00:00:02:000 para interpreter(05)
Mensaje D / 00:00:18:750 / interpreter(05) / 00:00:01:902 para top(01)
Mensaje D / 00:00:18:750 / top(01) / 00:00:01:640 para Root(00)
Mensaje * / 00:00:20:390 / Root(00) para top(01)
Mensaje * / 00:00:20:390 / top(01) para correction(09)
Mensaje * / 00:00:20:390 / correction(09) para vgr(12)
Mensaje Y / 00:00:20:390 / vgr(12) / out /      1.00000 para correction(09)
Mensaje D / 00:00:20:390 / vgr(12) / 00:00:18:255 para correction(09)
Mensaje X / 00:00:20:390 / correction(09) / rechazo /      1.00000 para v(10)
Mensaje D / 00:00:20:390 / v(10) / ... para correction(09)
Mensaje D / 00:00:20:390 / correction(09) / 00:00:00:360 para top(01)
Mensaje D / 00:00:20:390 / top(01) / 00:00:00:262 para Root(00)
Mensaje * / 00:00:20:652 / Root(00) para top(01)
Mensaje * / 00:00:20:652 / top(01) para interpreter(05)
Mensaje * / 00:00:20:652 / interpreter(05) para igr(08)
Mensaje Y / 00:00:20:652 / igr(08) / out /      3.00000 para interpreter(05)
Mensaje D / 00:00:20:652 / igr(08) / 00:00:11:606 para interpreter(05)
Mensaje X / 00:00:20:652 / interpreter(05) / rechazo /      3.00000 para i(06)
Mensaje D / 00:00:20:652 / i(06) / ... para interpreter(05)
Mensaje D / 00:00:20:652 / interpreter(05) / 00:00:00:098 para top(01)
Mensaje D / 00:00:20:652 / top(01) / 00:00:00:098 para Root(00)
Mensaje * / 00:00:20:750 / Root(00) para top(01)
Mensaje * / 00:00:20:750 / top(01) para interpreter(05)
Mensaje * / 00:00:20:750 / interpreter(05) para iq(07)
Mensaje Y / 00:00:20:750 / iq(07) / out /      1.00000 para interpreter(05)
Mensaje D / 00:00:20:750 / iq(07) / ... para interpreter(05)
Mensaje X / 00:00:20:750 / interpreter(05) / doc /      1.00000 para i(06)
Mensaje D / 00:00:20:750 / i(06) / 00:00:00:000 para interpreter(05)
Mensaje D / 00:00:20:750 / interpreter(05) / 00:00:00:000 para top(01)
Mensaje D / 00:00:20:750 / top(01) / 00:00:00:000 para Root(00)
Mensaje * / 00:00:20:750 / Root(00) para top(01)
Mensaje * / 00:00:20:750 / top(01) para interpreter(05)
Mensaje * / 00:00:20:750 / interpreter(05) para i(06)
Mensaje Y / 00:00:20:750 / i(06) / doct /      1.00000 para interpreter(05)
Mensaje D / 00:00:20:750 / i(06) / ... para interpreter(05)
Mensaje Y / 00:00:20:750 / interpreter(05) / doct /      1.00000 para top(01)
Mensaje X / 00:00:20:750 / interpreter(05) / done /      1.00000 para iq(07)
Mensaje D / 00:00:20:750 / iq(07) / 00:00:02:000 para interpreter(05)
Mensaje D / 00:00:20:750 / interpreter(05) / 00:00:02:000 para top(01)
Mensaje D / 00:00:20:750 / top(01) / 00:00:00:000 para Root(00)
Mensaje * / 00:00:20:750 / Root(00) para top(01)
Mensaje * / 00:00:20:750 / top(01) para correction(09)
Mensaje * / 00:00:20:750 / correction(09) para vq(11)
Mensaje Y / 00:00:20:750 / vq(11) / out /      1.00000 para correction(09)
Mensaje D / 00:00:20:750 / vq(11) / ... para correction(09)
Mensaje X / 00:00:20:750 / correction(09) / doc /      1.00000 para v(10)
Mensaje D / 00:00:20:750 / v(10) / 00:02:00:000 para correction(09)
Mensaje D / 00:00:20:750 / correction(09) / 00:00:17:895 para top(01)
Mensaje D / 00:00:20:750 / top(01) / 00:00:02:000 para Root(00)
Mensaje * / 00:00:22:750 / Root(00) para top(01)
Mensaje * / 00:00:22:750 / top(01) para interpreter(05)
Mensaje * / 00:00:22:750 / interpreter(05) para iq(07)
Mensaje Y / 00:00:22:750 / iq(07) / out /      1.00000 para interpreter(05)
Mensaje D / 00:00:22:750 / iq(07) / ... para interpreter(05)
Mensaje X / 00:00:22:750 / interpreter(05) / doc /      1.00000 para i(06)
Mensaje D / 00:00:22:750 / i(06) / 00:00:00:000 para interpreter(05)
Mensaje D / 00:00:22:750 / interpreter(05) / 00:00:00:000 para top(01)
Mensaje D / 00:00:22:750 / top(01) / 00:00:00:000 para Root(00)
Mensaje * / 00:00:22:750 / Root(00) para top(01)
Mensaje * / 00:00:22:750 / top(01) para interpreter(05)
Mensaje * / 00:00:22:750 / interpreter(05) para i(06)
Mensaje Y / 00:00:22:750 / i(06) / doct /      1.00000 para interpreter(05)
Mensaje D / 00:00:22:750 / i(06) / ... para interpreter(05)
Mensaje Y / 00:00:22:750 / interpreter(05) / doct /      1.00000 para top(01)
Mensaje X / 00:00:22:750 / interpreter(05) / done /      1.00000 para iq(07)
Mensaje D / 00:00:22:750 / iq(07) / 00:00:02:000 para interpreter(05)
Mensaje D / 00:00:22:750 / interpreter(05) / 00:00:02:000 para top(01)
Mensaje D / 00:00:22:750 / top(01) / 00:00:02:000 para Root(00)
Mensaje * / 00:00:24:750 / Root(00) para top(01)
Mensaje * / 00:00:24:750 / top(01) para interpreter(05)
Mensaje * / 00:00:24:750 / interpreter(05) para iq(07)
Mensaje Y / 00:00:24:750 / iq(07) / out /      1.00000 para interpreter(05)
Mensaje D / 00:00:24:750 / iq(07) / ... para interpreter(05)
Mensaje X / 00:00:24:750 / interpreter(05) / doc /      1.00000 para i(06)
Mensaje D / 00:00:24:750 / i(06) / 00:00:00:000 para interpreter(05)
Mensaje D / 00:00:24:750 / interpreter(05) / 00:00:00:000 para top(01)
Mensaje D / 00:00:24:750 / top(01) / 00:00:00:000 para Root(00)
Mensaje * / 00:00:24:750 / Root(00) para top(01)
Mensaje * / 00:00:24:750 / top(01) para interpreter(05)
Mensaje * / 00:00:24:750 / interpreter(05) para i(06)
Mensaje Y / 00:00:24:750 / i(06) / doct /      1.00000 para interpreter(05)
Mensaje D / 00:00:24:750 / i(06) / ... para interpreter(05)
Mensaje Y / 00:00:24:750 / interpreter(05) / doct /      1.00000 para top(01)
Mensaje X / 00:00:24:750 / interpreter(05) / done /      1.00000 para iq(07)
Mensaje D / 00:00:24:750 / iq(07) / 00:00:02:000 para interpreter(05)
Mensaje D / 00:00:24:750 / interpreter(05) / 00:00:02:000 para top(01)
Mensaje D / 00:00:24:750 / top(01) / 00:00:02:000 para Root(00)
Mensaje * / 00:00:26:750 / Root(00) para top(01)
Mensaje * / 00:00:26:750 / top(01) para interpreter(05)
Mensaje * / 00:00:26:750 / interpreter(05) para iq(07)
Mensaje Y / 00:00:26:750 / iq(07) / out /      1.00000 para interpreter(05)
Mensaje D / 00:00:26:750 / iq(07) / ... para interpreter(05)
Mensaje X / 00:00:26:750 / interpreter(05) / doc /      1.00000 para i(06)
Mensaje D / 00:00:26:750 / i(06) / 00:00:00:000 para interpreter(05)
Mensaje D / 00:00:26:750 / interpreter(05) / 00:00:00:000 para top(01)
Mensaje D / 00:00:26:750 / top(01) / 00:00:00:000 para Root(00)
Mensaje * / 00:00:26:750 / Root(00) para top(01)
Mensaje * / 00:00:26:750 / top(01) para interpreter(05)
Mensaje * / 00:00:26:750 / interpreter(05) para i(06)
Mensaje Y / 00:00:26:750 / i(06) / doct /      1.00000 para interpreter(05)
Mensaje D / 00:00:26:750 / i(06) / ... para interpreter(05)
Mensaje Y / 00:00:26:750 / interpreter(05) / doct /      1.00000 para top(01)
Mensaje X / 00:00:26:750 / interpreter(05) / done /      1.00000 para iq(07)
Mensaje D / 00:00:26:750 / iq(07) / 00:00:02:000 para interpreter(05)
Mensaje D / 00:00:26:750 / interpreter(05) / 00:00:02:000 para top(01)
Mensaje D / 00:00:26:750 / top(01) / 00:00:02:000 para Root(00)
Mensaje * / 00:00:28:750 / Root(00) para top(01)
Mensaje * / 00:00:28:750 / top(01) para interpreter(05)
Mensaje * / 00:00:28:750 / interpreter(05) para iq(07)
Mensaje Y / 00:00:28:750 / iq(07) / out /      1.00000 para interpreter(05)
Mensaje D / 00:00:28:750 / iq(07) / ... para interpreter(05)
Mensaje X / 00:00:28:750 / interpreter(05) / doc /      1.00000 para i(06)
Mensaje D / 00:00:28:750 / i(06) / 00:00:00:000 para interpreter(05)
Mensaje D / 00:00:28:750 / interpreter(05) / 00:00:00:000 para top(01)
Mensaje D / 00:00:28:750 / top(01) / 00:00:00:000 para Root(00)
Mensaje * / 00:00:28:750 / Root(00) para top(01)
Mensaje * / 00:00:28:750 / top(01) para interpreter(05)
Mensaje * / 00:00:28:750 / interpreter(05) para i(06)
Mensaje Y / 00:00:28:750 / i(06) / doct /      1.00000 para interpreter(05)
Mensaje D / 00:00:28:750 / i(06) / ... para interpreter(05)
Mensaje Y / 00:00:28:750 / interpreter(05) / doct /      1.00000 para top(01)
Mensaje X / 00:00:28:750 / interpreter(05) / done /      1.00000 para iq(07)
Mensaje D / 00:00:28:750 / iq(07) / 00:00:00:000 para interpreter(05)
Mensaje D / 00:00:28:750 / interpreter(05) / 00:00:00:000 para top(01)
Mensaje D / 00:00:28:750 / top(01) / 00:00:00:000 para Root(00)
Mensaje * / 00:00:28:750 / Root(00) para top(01)
Mensaje * / 00:00:28:750 / top(01) para interpreter(05)
Mensaje * / 00:00:28:750 / interpreter(05) para iq(07)
Mensaje Y / 00:00:28:750 / iq(07) / empty /      1.00000 para interpreter(05)
Mensaje D / 00:00:28:750 / iq(07) / ... para interpreter(05)
Mensaje X / 00:00:28:750 / interpreter(05) / colavacia /      1.00000 para i(06)
Mensaje X / 00:00:28:750 / interpreter(05) / stop /      1.00000 para igr(08)
Mensaje D / 00:00:28:750 / i(06) / 00:00:00:000 para interpreter(05)
Mensaje D / 00:00:28:750 / igr(08) / ... para interpreter(05)
Mensaje D / 00:00:28:750 / interpreter(05) / 00:00:00:000 para top(01)
Mensaje D / 00:00:28:750 / top(01) / 00:00:00:000 para Root(00)
Mensaje * / 00:00:28:750 / Root(00) para top(01)
Mensaje * / 00:00:28:750 / top(01) para interpreter(05)
Mensaje * / 00:00:28:750 / interpreter(05) para i(06)
Mensaje Y / 00:00:28:750 / i(06) / tidle /      8.00000 para interpreter(05)
Mensaje Y / 00:00:28:750 / i(06) / cantdoct /      9.00000 para interpreter(05)
Mensaje Y / 00:00:28:750 / i(06) / cantdocv /      1.00000 para interpreter(05)
Mensaje D / 00:00:28:750 / i(06) / ... para interpreter(05)
Mensaje Y / 00:00:28:750 / interpreter(05) / tidle /      8.00000 para top(01)
Mensaje Y / 00:00:28:750 / interpreter(05) / cantdoct /      9.00000 para top(01)
Mensaje Y / 00:00:28:750 / interpreter(05) / cantdocv /      1.00000 para top(01)
Mensaje D / 00:00:28:750 / interpreter(05) / ... para top(01)
Mensaje Y / 00:00:28:750 / top(01) / tidleinterpret /      8.00000 para Root(00)
Mensaje D / 00:00:28:750 / top(01) / 00:00:09:895 para Root(00)
Mensaje * / 00:00:38:645 / Root(00) para top(01)
Mensaje * / 00:00:38:645 / top(01) para correction(09)
Mensaje * / 00:00:38:645 / correction(09) para vgr(12)
Mensaje Y / 00:00:38:645 / vgr(12) / out /      2.00000 para correction(09)
Mensaje D / 00:00:38:645 / vgr(12) / 00:06:04:988 para correction(09)
Mensaje X / 00:00:38:645 / correction(09) / rechazo /      2.00000 para v(10)
Mensaje D / 00:00:38:645 / v(10) / 00:01:42:105 para correction(09)
Mensaje D / 00:00:38:645 / correction(09) / 00:01:42:105 para top(01)
Mensaje D / 00:00:38:645 / top(01) / 00:01:42:105 para Root(00)
Mensaje * / 00:02:20:750 / Root(00) para top(01)
Mensaje * / 00:02:20:750 / top(01) para correction(09)
Mensaje * / 00:02:20:750 / correction(09) para v(10)
Mensaje Y / 00:02:20:750 / v(10) / doct /      1.00000 para correction(09)
Mensaje Y / 00:02:20:750 / v(10) / arrancar /      0.00000 para correction(09)
Mensaje D / 00:02:20:750 / v(10) / ... para correction(09)
Mensaje Y / 00:02:20:750 / correction(09) / doct /      1.00000 para top(01)
Mensaje X / 00:02:20:750 / correction(09) / done /      1.00000 para vq(11)
Mensaje X / 00:02:20:750 / correction(09) / stop /      0.00000 para vgr(12)
Mensaje D / 00:02:20:750 / vq(11) / 00:00:00:000 para correction(09)
Mensaje D / 00:02:20:750 / vgr(12) / 00:04:22:883 para correction(09)
Mensaje D / 00:02:20:750 / correction(09) / 00:00:00:000 para top(01)
Mensaje D / 00:02:20:750 / top(01) / 00:00:00:000 para Root(00)
Mensaje * / 00:02:20:750 / Root(00) para top(01)
Mensaje * / 00:02:20:750 / top(01) para correction(09)
Mensaje * / 00:02:20:750 / correction(09) para vq(11)
Mensaje Y / 00:02:20:750 / vq(11) / empty /      1.00000 para correction(09)
Mensaje D / 00:02:20:750 / vq(11) / ... para correction(09)
Mensaje X / 00:02:20:750 / correction(09) / colavacia /      1.00000 para v(10)
Mensaje X / 00:02:20:750 / correction(09) / stop /      1.00000 para vgr(12)
Mensaje D / 00:02:20:750 / v(10) / 00:00:00:000 para correction(09)
Mensaje D / 00:02:20:750 / vgr(12) / ... para correction(09)
Mensaje D / 00:02:20:750 / correction(09) / 00:00:00:000 para top(01)
Mensaje D / 00:02:20:750 / top(01) / 00:00:00:000 para Root(00)
Mensaje * / 00:02:20:750 / Root(00) para top(01)
Mensaje * / 00:02:20:750 / top(01) para correction(09)
Mensaje * / 00:02:20:750 / correction(09) para v(10)
Mensaje Y / 00:02:20:750 / v(10) / tidle /     10.00000 para correction(09)
Mensaje Y / 00:02:20:750 / v(10) / cantdoct /      0.00000 para correction(09)
Mensaje Y / 00:02:20:750 / v(10) / cantdocb /      1.00000 para correction(09)
Mensaje D / 00:02:20:750 / v(10) / ... para correction(09)
Mensaje Y / 00:02:20:750 / correction(09) / tidle /     10.00000 para top(01)
Mensaje Y / 00:02:20:750 / correction(09) / cantdoct /      0.00000 para top(01)
Mensaje Y / 00:02:20:750 / correction(09) / cantdocb /      1.00000 para top(01)
Mensaje D / 00:02:20:750 / correction(09) / ... para top(01)
Mensaje Y / 00:02:20:750 / top(01) / tidleverify /     10.00000 para Root(00)
Mensaje D / 00:02:20:750 / top(01) / ... para Root(00)
Mensaje X / 01:01:00:000 / Root(00) / lote /     10.00000 para top(01)
Mensaje X / 01:01:00:000 / top(01) / lote /     10.00000 para scanner(02)
Mensaje X / 01:01:00:000 / scanner(02) / in /     10.00000 para sq(04)
Mensaje D / 01:01:00:000 / sq(04) / 00:00:03:000 para scanner(02)
Mensaje D / 01:01:00:000 / scanner(02) / 00:00:03:000 para top(01)
Mensaje D / 01:01:00:000 / top(01) / 00:00:03:000 para Root(00)
Mensaje * / 01:01:03:000 / Root(00) para top(01)
Mensaje * / 01:01:03:000 / top(01) para scanner(02)
Mensaje * / 01:01:03:000 / scanner(02) para sq(04)
Mensaje Y / 01:01:03:000 / sq(04) / out /     10.00000 para scanner(02)
Mensaje D / 01:01:03:000 / sq(04) / ... para scanner(02)
Mensaje X / 01:01:03:000 / scanner(02) / lote /     10.00000 para s(03)
Mensaje D / 01:01:03:000 / s(03) / 00:00:05:000 para scanner(02)
Mensaje D / 01:01:03:000 / scanner(02) / 00:00:05:000 para top(01)
Mensaje D / 01:01:03:000 / top(01) / 00:00:05:000 para Root(00)
Mensaje * / 01:01:08:000 / Root(00) para top(01)
Mensaje * / 01:01:08:000 / top(01) para scanner(02)
Mensaje * / 01:01:08:000 / scanner(02) para s(03)
Mensaje D / 01:01:08:000 / s(03) / 00:00:00:750 para scanner(02)
Mensaje D / 01:01:08:000 / scanner(02) / 00:00:00:750 para top(01)
Mensaje D / 01:01:08:000 / top(01) / 00:00:00:750 para Root(00)
Mensaje * / 01:01:08:750 / Root(00) para top(01)
Mensaje * / 01:01:08:750 / top(01) para scanner(02)
Mensaje * / 01:01:08:750 / scanner(02) para s(03)
Mensaje Y / 01:01:08:750 / s(03) / doc /      2.00000 para scanner(02)
Mensaje D / 01:01:08:750 / s(03) / 00:00:00:750 para scanner(02)
Mensaje Y / 01:01:08:750 / scanner(02) / doc /      2.00000 para top(01)
Mensaje D / 01:01:08:750 / scanner(02) / 00:00:00:750 para top(01)
Mensaje X / 01:01:08:750 / top(01) / doc /      2.00000 para interpreter(05)
Mensaje X / 01:01:08:750 / interpreter(05) / in /      2.00000 para iq(07)
Mensaje D / 01:01:08:750 / iq(07) / 00:00:02:000 para interpreter(05)
Mensaje D / 01:01:08:750 / interpreter(05) / 00:00:02:000 para top(01)
Mensaje D / 01:01:08:750 / top(01) / 00:00:00:750 para Root(00)
Mensaje * / 01:01:09:500 / Root(00) para top(01)
Mensaje * / 01:01:09:500 / top(01) para scanner(02)
Mensaje * / 01:01:09:500 / scanner(02) para s(03)
Mensaje Y / 01:01:09:500 / s(03) / doc /      2.00000 para scanner(02)
Mensaje D / 01:01:09:500 / s(03) / 00:00:00:750 para scanner(02)
Mensaje Y / 01:01:09:500 / scanner(02) / doc /      2.00000 para top(01)
Mensaje D / 01:01:09:500 / scanner(02) / 00:00:00:750 para top(01)
Mensaje X / 01:01:09:500 / top(01) / doc /      2.00000 para interpreter(05)
Mensaje X / 01:01:09:500 / interpreter(05) / in /      2.00000 para iq(07)
Mensaje D / 01:01:09:500 / iq(07) / 00:00:01:250 para interpreter(05)
Mensaje D / 01:01:09:500 / interpreter(05) / 00:00:01:250 para top(01)
Mensaje D / 01:01:09:500 / top(01) / 00:00:00:750 para Root(00)
Mensaje * / 01:01:10:250 / Root(00) para top(01)
Mensaje * / 01:01:10:250 / top(01) para scanner(02)
Mensaje * / 01:01:10:250 / scanner(02) para s(03)
Mensaje Y / 01:01:10:250 / s(03) / doc /      2.00000 para scanner(02)
Mensaje D / 01:01:10:250 / s(03) / 00:00:00:750 para scanner(02)
Mensaje Y / 01:01:10:250 / scanner(02) / doc /      2.00000 para top(01)
Mensaje D / 01:01:10:250 / scanner(02) / 00:00:00:750 para top(01)
Mensaje X / 01:01:10:250 / top(01) / doc /      2.00000 para interpreter(05)
Mensaje X / 01:01:10:250 / interpreter(05) / in /      2.00000 para iq(07)
Mensaje D / 01:01:10:250 / iq(07) / 00:00:00:500 para interpreter(05)
Mensaje D / 01:01:10:250 / interpreter(05) / 00:00:00:500 para top(01)
Mensaje D / 01:01:10:250 / top(01) / 00:00:00:500 para Root(00)
Mensaje * / 01:01:10:750 / Root(00) para top(01)
Mensaje * / 01:01:10:750 / top(01) para interpreter(05)
Mensaje * / 01:01:10:750 / interpreter(05) para iq(07)
Mensaje Y / 01:01:10:750 / iq(07) / out /      2.00000 para interpreter(05)
Mensaje D / 01:01:10:750 / iq(07) / ... para interpreter(05)
Mensaje X / 01:01:10:750 / interpreter(05) / doc /      2.00000 para i(06)
Mensaje D / 01:01:10:750 / i(06) / 00:00:00:000 para interpreter(05)
Mensaje D / 01:01:10:750 / interpreter(05) / 00:00:00:000 para top(01)
Mensaje D / 01:01:10:750 / top(01) / 00:00:00:000 para Root(00)
Mensaje * / 01:01:10:750 / Root(00) para top(01)
Mensaje * / 01:01:10:750 / top(01) para interpreter(05)
Mensaje * / 01:01:10:750 / interpreter(05) para i(06)
Mensaje Y / 01:01:10:750 / i(06) / doct /      2.00000 para interpreter(05)
Mensaje Y / 01:01:10:750 / i(06) / arrancar /      0.00000 para interpreter(05)
Mensaje D / 01:01:10:750 / i(06) / ... para interpreter(05)
Mensaje Y / 01:01:10:750 / interpreter(05) / doct /      2.00000 para top(01)
Mensaje X / 01:01:10:750 / interpreter(05) / done /      2.00000 para iq(07)
Mensaje X / 01:01:10:750 / interpreter(05) / stop /      0.00000 para igr(08)
Mensaje D / 01:01:10:750 / iq(07) / 00:00:02:000 para interpreter(05)
Mensaje D / 01:01:10:750 / igr(08) / 00:00:08:098 para interpreter(05)
Mensaje D / 01:01:10:750 / interpreter(05) / 00:00:02:000 para top(01)
Mensaje D / 01:01:10:750 / top(01) / 00:00:00:250 para Root(00)
Mensaje * / 01:01:11:000 / Root(00) para top(01)
Mensaje * / 01:01:11:000 / top(01) para scanner(02)
Mensaje * / 01:01:11:000 / scanner(02) para s(03)
Mensaje Y / 01:01:11:000 / s(03) / doc /      2.00000 para scanner(02)
Mensaje D / 01:01:11:000 / s(03) / 00:00:00:750 para scanner(02)
Mensaje Y / 01:01:11:000 / scanner(02) / doc /      2.00000 para top(01)
Mensaje D / 01:01:11:000 / scanner(02) / 00:00:00:750 para top(01)
Mensaje X / 01:01:11:000 / top(01) / doc /      2.00000 para interpreter(05)
Mensaje X / 01:01:11:000 / interpreter(05) / in /      2.00000 para iq(07)
Mensaje D / 01:01:11:000 / iq(07) / 00:00:01:750 para interpreter(05)
Mensaje D / 01:01:11:000 / interpreter(05) / 00:00:01:750 para top(01)
Mensaje D / 01:01:11:000 / top(01) / 00:00:00:750 para Root(00)
Mensaje * / 01:01:11:750 / Root(00) para top(01)
Mensaje * / 01:01:11:750 / top(01) para scanner(02)
Mensaje * / 01:01:11:750 / scanner(02) para s(03)
Mensaje Y / 01:01:11:750 / s(03) / doc /      2.00000 para scanner(02)
Mensaje D / 01:01:11:750 / s(03) / 00:00:00:750 para scanner(02)
Mensaje Y / 01:01:11:750 / scanner(02) / doc /      2.00000 para top(01)
Mensaje D / 01:01:11:750 / scanner(02) / 00:00:00:750 para top(01)
Mensaje X / 01:01:11:750 / top(01) / doc /      2.00000 para interpreter(05)
Mensaje X / 01:01:11:750 / interpreter(05) / in /      2.00000 para iq(07)
Mensaje D / 01:01:11:750 / iq(07) / 00:00:01:000 para interpreter(05)
Mensaje D / 01:01:11:750 / interpreter(05) / 00:00:01:000 para top(01)
Mensaje D / 01:01:11:750 / top(01) / 00:00:00:750 para Root(00)
Mensaje * / 01:01:12:500 / Root(00) para top(01)
Mensaje * / 01:01:12:500 / top(01) para scanner(02)
Mensaje * / 01:01:12:500 / scanner(02) para s(03)
Mensaje Y / 01:01:12:500 / s(03) / doc /      2.00000 para scanner(02)
Mensaje D / 01:01:12:500 / s(03) / 00:00:00:750 para scanner(02)
Mensaje Y / 01:01:12:500 / scanner(02) / doc /      2.00000 para top(01)
Mensaje D / 01:01:12:500 / scanner(02) / 00:00:00:750 para top(01)
Mensaje X / 01:01:12:500 / top(01) / doc /      2.00000 para interpreter(05)
Mensaje X / 01:01:12:500 / interpreter(05) / in /      2.00000 para iq(07)
Mensaje D / 01:01:12:500 / iq(07) / 00:00:00:250 para interpreter(05)
Mensaje D / 01:01:12:500 / interpreter(05) / 00:00:00:250 para top(01)
Mensaje D / 01:01:12:500 / top(01) / 00:00:00:250 para Root(00)
Mensaje * / 01:01:12:750 / Root(00) para top(01)
Mensaje * / 01:01:12:750 / top(01) para interpreter(05)
Mensaje * / 01:01:12:750 / interpreter(05) para iq(07)
Mensaje Y / 01:01:12:750 / iq(07) / out /      2.00000 para interpreter(05)
Mensaje D / 01:01:12:750 / iq(07) / ... para interpreter(05)
Mensaje X / 01:01:12:750 / interpreter(05) / doc /      2.00000 para i(06)
Mensaje D / 01:01:12:750 / i(06) / 00:00:00:000 para interpreter(05)
Mensaje D / 01:01:12:750 / interpreter(05) / 00:00:00:000 para top(01)
Mensaje D / 01:01:12:750 / top(01) / 00:00:00:000 para Root(00)
Mensaje * / 01:01:12:750 / Root(00) para top(01)
Mensaje * / 01:01:12:750 / top(01) para interpreter(05)
Mensaje * / 01:01:12:750 / interpreter(05) para i(06)
Mensaje Y / 01:01:12:750 / i(06) / doct /      2.00000 para interpreter(05)
Mensaje D / 01:01:12:750 / i(06) / ... para interpreter(05)
Mensaje Y / 01:01:12:750 / interpreter(05) / doct /      2.00000 para top(01)
Mensaje X / 01:01:12:750 / interpreter(05) / done /      2.00000 para iq(07)
Mensaje D / 01:01:12:750 / iq(07) / 00:00:02:000 para interpreter(05)
Mensaje D / 01:01:12:750 / interpreter(05) / 00:00:02:000 para top(01)
Mensaje D / 01:01:12:750 / top(01) / 00:00:00:500 para Root(00)
Mensaje * / 01:01:13:250 / Root(00) para top(01)
Mensaje * / 01:01:13:250 / top(01) para scanner(02)
Mensaje * / 01:01:13:250 / scanner(02) para s(03)
Mensaje Y / 01:01:13:250 / s(03) / doc /      2.00000 para scanner(02)
Mensaje D / 01:01:13:250 / s(03) / 00:00:00:750 para scanner(02)
Mensaje Y / 01:01:13:250 / scanner(02) / doc /      2.00000 para top(01)
Mensaje D / 01:01:13:250 / scanner(02) / 00:00:00:750 para top(01)
Mensaje X / 01:01:13:250 / top(01) / doc /      2.00000 para interpreter(05)
Mensaje X / 01:01:13:250 / interpreter(05) / in /      2.00000 para iq(07)
Mensaje D / 01:01:13:250 / iq(07) / 00:00:01:500 para interpreter(05)
Mensaje D / 01:01:13:250 / interpreter(05) / 00:00:01:500 para top(01)
Mensaje D / 01:01:13:250 / top(01) / 00:00:00:750 para Root(00)
Mensaje * / 01:01:14:000 / Root(00) para top(01)
Mensaje * / 01:01:14:000 / top(01) para scanner(02)
Mensaje * / 01:01:14:000 / scanner(02) para s(03)
Mensaje Y / 01:01:14:000 / s(03) / doc /      2.00000 para scanner(02)
Mensaje D / 01:01:14:000 / s(03) / 00:00:00:750 para scanner(02)
Mensaje Y / 01:01:14:000 / scanner(02) / doc /      2.00000 para top(01)
Mensaje D / 01:01:14:000 / scanner(02) / 00:00:00:750 para top(01)
Mensaje X / 01:01:14:000 / top(01) / doc /      2.00000 para interpreter(05)
Mensaje X / 01:01:14:000 / interpreter(05) / in /      2.00000 para iq(07)
Mensaje D / 01:01:14:000 / iq(07) / 00:00:00:750 para interpreter(05)
Mensaje D / 01:01:14:000 / interpreter(05) / 00:00:00:750 para top(01)
Mensaje D / 01:01:14:000 / top(01) / 00:00:00:750 para Root(00)
Mensaje * / 01:01:14:750 / Root(00) para top(01)
Mensaje * / 01:01:14:750 / top(01) para scanner(02)
Mensaje * / 01:01:14:750 / scanner(02) para s(03)
Mensaje Y / 01:01:14:750 / s(03) / doc /      2.00000 para scanner(02)
Mensaje D / 01:01:14:750 / s(03) / 00:00:00:750 para scanner(02)
Mensaje Y / 01:01:14:750 / scanner(02) / doc /      2.00000 para top(01)
Mensaje D / 01:01:14:750 / scanner(02) / 00:00:00:750 para top(01)
Mensaje X / 01:01:14:750 / top(01) / doc /      2.00000 para interpreter(05)
Mensaje X / 01:01:14:750 / interpreter(05) / in /      2.00000 para iq(07)
Mensaje D / 01:01:14:750 / iq(07) / 00:00:00:000 para interpreter(05)
Mensaje D / 01:01:14:750 / interpreter(05) / 00:00:00:000 para top(01)
Mensaje D / 01:01:14:750 / top(01) / 00:00:00:000 para Root(00)
Mensaje * / 01:01:14:750 / Root(00) para top(01)
Mensaje * / 01:01:14:750 / top(01) para interpreter(05)
Mensaje * / 01:01:14:750 / interpreter(05) para iq(07)
Mensaje Y / 01:01:14:750 / iq(07) / out /      2.00000 para interpreter(05)
Mensaje D / 01:01:14:750 / iq(07) / ... para interpreter(05)
Mensaje X / 01:01:14:750 / interpreter(05) / doc /      2.00000 para i(06)
Mensaje D / 01:01:14:750 / i(06) / 00:00:00:000 para interpreter(05)
Mensaje D / 01:01:14:750 / interpreter(05) / 00:00:00:000 para top(01)
Mensaje D / 01:01:14:750 / top(01) / 00:00:00:000 para Root(00)
Mensaje * / 01:01:14:750 / Root(00) para top(01)
Mensaje * / 01:01:14:750 / top(01) para interpreter(05)
Mensaje * / 01:01:14:750 / interpreter(05) para i(06)
Mensaje Y / 01:01:14:750 / i(06) / doct /      2.00000 para interpreter(05)
Mensaje D / 01:01:14:750 / i(06) / ... para interpreter(05)
Mensaje Y / 01:01:14:750 / interpreter(05) / doct /      2.00000 para top(01)
Mensaje X / 01:01:14:750 / interpreter(05) / done /      2.00000 para iq(07)
Mensaje D / 01:01:14:750 / iq(07) / 00:00:02:000 para interpreter(05)
Mensaje D / 01:01:14:750 / interpreter(05) / 00:00:02:000 para top(01)
Mensaje D / 01:01:14:750 / top(01) / 00:00:00:750 para Root(00)
Mensaje * / 01:01:15:500 / Root(00) para top(01)
Mensaje * / 01:01:15:500 / top(01) para scanner(02)
Mensaje * / 01:01:15:500 / scanner(02) para s(03)
Mensaje Y / 01:01:15:500 / s(03) / doc /      2.00000 para scanner(02)
Mensaje D / 01:01:15:500 / s(03) / 00:00:00:000 para scanner(02)
Mensaje Y / 01:01:15:500 / scanner(02) / doc /      2.00000 para top(01)
Mensaje D / 01:01:15:500 / scanner(02) / 00:00:00:000 para top(01)
Mensaje X / 01:01:15:500 / top(01) / doc /      2.00000 para interpreter(05)
Mensaje X / 01:01:15:500 / interpreter(05) / in /      2.00000 para iq(07)
Mensaje D / 01:01:15:500 / iq(07) / 00:00:01:250 para interpreter(05)
Mensaje D / 01:01:15:500 / interpreter(05) / 00:00:01:250 para top(01)
Mensaje D / 01:01:15:500 / top(01) / 00:00:00:000 para Root(00)
Mensaje * / 01:01:15:500 / Root(00) para top(01)
Mensaje * / 01:01:15:500 / top(01) para scanner(02)
Mensaje * / 01:01:15:500 / scanner(02) para s(03)
Mensaje Y / 01:01:15:500 / s(03) / tomarlote /      3.00000 para scanner(02)
Mensaje D / 01:01:15:500 / s(03) / ... para scanner(02)
Mensaje X / 01:01:15:500 / scanner(02) / done /      3.00000 para sq(04)
Mensaje D / 01:01:15:500 / sq(04) / 00:00:00:000 para scanner(02)
Mensaje D / 01:01:15:500 / scanner(02) / 00:00:00:000 para top(01)
Mensaje D / 01:01:15:500 / top(01) / 00:00:00:000 para Root(00)
Mensaje * / 01:01:15:500 / Root(00) para top(01)
Mensaje * / 01:01:15:500 / top(01) para scanner(02)
Mensaje * / 01:01:15:500 / scanner(02) para sq(04)
Mensaje Y / 01:01:15:500 / sq(04) / empty /      1.00000 para scanner(02)
Mensaje D / 01:01:15:500 / sq(04) / ... para scanner(02)
Mensaje X / 01:01:15:500 / scanner(02) / colavacia /      1.00000 para s(03)
Mensaje D / 01:01:15:500 / s(03) / 00:00:00:000 para scanner(02)
Mensaje D / 01:01:15:500 / scanner(02) / 00:00:00:000 para top(01)
Mensaje D / 01:01:15:500 / top(01) / 00:00:00:000 para Root(00)
Mensaje * / 01:01:15:500 / Root(00) para top(01)
Mensaje * / 01:01:15:500 / top(01) para scanner(02)
Mensaje * / 01:01:15:500 / scanner(02) para s(03)
Mensaje Y / 01:01:15:500 / s(03) / tidle /   3647.00000 para scanner(02)
Mensaje Y / 01:01:15:500 / s(03) / cantdoc /     20.00000 para scanner(02)
Mensaje D / 01:01:15:500 / s(03) / ... para scanner(02)
Mensaje Y / 01:01:15:500 / scanner(02) / tidle /   3647.00000 para top(01)
Mensaje D / 01:01:15:500 / scanner(02) / ... para top(01)
Mensaje Y / 01:01:15:500 / top(01) / tidlescan /   3647.00000 para Root(00)
Mensaje D / 01:01:15:500 / top(01) / 00:00:01:250 para Root(00)
Mensaje * / 01:01:16:750 / Root(00) para top(01)
Mensaje * / 01:01:16:750 / top(01) para interpreter(05)
Mensaje * / 01:01:16:750 / interpreter(05) para iq(07)
Mensaje Y / 01:01:16:750 / iq(07) / out /      2.00000 para interpreter(05)
Mensaje D / 01:01:16:750 / iq(07) / ... para interpreter(05)
Mensaje X / 01:01:16:750 / interpreter(05) / doc /      2.00000 para i(06)
Mensaje D / 01:01:16:750 / i(06) / 00:00:00:000 para interpreter(05)
Mensaje D / 01:01:16:750 / interpreter(05) / 00:00:00:000 para top(01)
Mensaje D / 01:01:16:750 / top(01) / 00:00:00:000 para Root(00)
Mensaje * / 01:01:16:750 / Root(00) para top(01)
Mensaje * / 01:01:16:750 / top(01) para interpreter(05)
Mensaje * / 01:01:16:750 / interpreter(05) para i(06)
Mensaje Y / 01:01:16:750 / i(06) / doct /      2.00000 para interpreter(05)
Mensaje D / 01:01:16:750 / i(06) / ... para interpreter(05)
Mensaje Y / 01:01:16:750 / interpreter(05) / doct /      2.00000 para top(01)
Mensaje X / 01:01:16:750 / interpreter(05) / done /      2.00000 para iq(07)
Mensaje D / 01:01:16:750 / iq(07) / 00:00:02:000 para interpreter(05)
Mensaje D / 01:01:16:750 / interpreter(05) / 00:00:02:000 para top(01)
Mensaje D / 01:01:16:750 / top(01) / 00:00:02:000 para Root(00)
Mensaje * / 01:01:18:750 / Root(00) para top(01)
Mensaje * / 01:01:18:750 / top(01) para interpreter(05)
Mensaje * / 01:01:18:750 / interpreter(05) para iq(07)
Mensaje Y / 01:01:18:750 / iq(07) / out /      2.00000 para interpreter(05)
Mensaje D / 01:01:18:750 / iq(07) / ... para interpreter(05)
Mensaje X / 01:01:18:750 / interpreter(05) / doc /      2.00000 para i(06)
Mensaje D / 01:01:18:750 / i(06) / 00:00:00:000 para interpreter(05)
Mensaje D / 01:01:18:750 / interpreter(05) / 00:00:00:000 para top(01)
Mensaje D / 01:01:18:750 / top(01) / 00:00:00:000 para Root(00)
Mensaje * / 01:01:18:750 / Root(00) para top(01)
Mensaje * / 01:01:18:750 / top(01) para interpreter(05)
Mensaje * / 01:01:18:750 / interpreter(05) para i(06)
Mensaje Y / 01:01:18:750 / i(06) / doct /      2.00000 para interpreter(05)
Mensaje D / 01:01:18:750 / i(06) / ... para interpreter(05)
Mensaje Y / 01:01:18:750 / interpreter(05) / doct /      2.00000 para top(01)
Mensaje X / 01:01:18:750 / interpreter(05) / done /      2.00000 para iq(07)
Mensaje D / 01:01:18:750 / iq(07) / 00:00:02:000 para interpreter(05)
Mensaje D / 01:01:18:750 / interpreter(05) / 00:00:00:098 para top(01)
Mensaje D / 01:01:18:750 / top(01) / 00:00:00:098 para Root(00)
Mensaje * / 01:01:18:848 / Root(00) para top(01)
Mensaje * / 01:01:18:848 / top(01) para interpreter(05)
Mensaje * / 01:01:18:848 / interpreter(05) para igr(08)
Mensaje Y / 01:01:18:848 / igr(08) / out /      4.00000 para interpreter(05)
Mensaje D / 01:01:18:848 / igr(08) / 00:00:16:552 para interpreter(05)
Mensaje X / 01:01:18:848 / interpreter(05) / rechazo /      4.00000 para i(06)
Mensaje D / 01:01:18:848 / i(06) / ... para interpreter(05)
Mensaje D / 01:01:18:848 / interpreter(05) / 00:00:01:902 para top(01)
Mensaje D / 01:01:18:848 / top(01) / 00:00:01:902 para Root(00)
Mensaje * / 01:01:20:750 / Root(00) para top(01)
Mensaje * / 01:01:20:750 / top(01) para interpreter(05)
Mensaje * / 01:01:20:750 / interpreter(05) para iq(07)
Mensaje Y / 01:01:20:750 / iq(07) / out /      2.00000 para interpreter(05)
Mensaje D / 01:01:20:750 / iq(07) / ... para interpreter(05)
Mensaje X / 01:01:20:750 / interpreter(05) / doc /      2.00000 para i(06)
Mensaje D / 01:01:20:750 / i(06) / 00:00:00:000 para interpreter(05)
Mensaje D / 01:01:20:750 / interpreter(05) / 00:00:00:000 para top(01)
Mensaje D / 01:01:20:750 / top(01) / 00:00:00:000 para Root(00)
Mensaje * / 01:01:20:750 / Root(00) para top(01)
Mensaje * / 01:01:20:750 / top(01) para interpreter(05)
Mensaje * / 01:01:20:750 / interpreter(05) para i(06)
Mensaje Y / 01:01:20:750 / i(06) / docv /      2.00000 para interpreter(05)
Mensaje D / 01:01:20:750 / i(06) / ... para interpreter(05)
Mensaje Y / 01:01:20:750 / interpreter(05) / docv /      2.00000 para top(01)
Mensaje X / 01:01:20:750 / interpreter(05) / done /      2.00000 para iq(07)
Mensaje X / 01:01:20:750 / top(01) / doc /      2.00000 para correction(09)
Mensaje D / 01:01:20:750 / iq(07) / 00:00:02:000 para interpreter(05)
Mensaje X / 01:01:20:750 / correction(09) / in /      2.00000 para vq(11)
Mensaje D / 01:01:20:750 / interpreter(05) / 00:00:02:000 para top(01)
Mensaje D / 01:01:20:750 / vq(11) / 00:00:10:000 para correction(09)
Mensaje D / 01:01:20:750 / correction(09) / 00:00:10:000 para top(01)
Mensaje D / 01:01:20:750 / top(01) / 00:00:02:000 para Root(00)
Mensaje * / 01:01:22:750 / Root(00) para top(01)
Mensaje * / 01:01:22:750 / top(01) para interpreter(05)
Mensaje * / 01:01:22:750 / interpreter(05) para iq(07)
Mensaje Y / 01:01:22:750 / iq(07) / out /      2.00000 para interpreter(05)
Mensaje D / 01:01:22:750 / iq(07) / ... para interpreter(05)
Mensaje X / 01:01:22:750 / interpreter(05) / doc /      2.00000 para i(06)
Mensaje D / 01:01:22:750 / i(06) / 00:00:00:000 para interpreter(05)
Mensaje D / 01:01:22:750 / interpreter(05) / 00:00:00:000 para top(01)
Mensaje D / 01:01:22:750 / top(01) / 00:00:00:000 para Root(00)
Mensaje * / 01:01:22:750 / Root(00) para top(01)
Mensaje * / 01:01:22:750 / top(01) para interpreter(05)
Mensaje * / 01:01:22:750 / interpreter(05) para i(06)
Mensaje Y / 01:01:22:750 / i(06) / doct /      2.00000 para interpreter(05)
Mensaje D / 01:01:22:750 / i(06) / ... para interpreter(05)
Mensaje Y / 01:01:22:750 / interpreter(05) / doct /      2.00000 para top(01)
Mensaje X / 01:01:22:750 / interpreter(05) / done /      2.00000 para iq(07)
Mensaje D / 01:01:22:750 / iq(07) / 00:00:02:000 para interpreter(05)
Mensaje D / 01:01:22:750 / interpreter(05) / 00:00:02:000 para top(01)
Mensaje D / 01:01:22:750 / top(01) / 00:00:02:000 para Root(00)
Mensaje * / 01:01:24:750 / Root(00) para top(01)
Mensaje * / 01:01:24:750 / top(01) para interpreter(05)
Mensaje * / 01:01:24:750 / interpreter(05) para iq(07)
Mensaje Y / 01:01:24:750 / iq(07) / out /      2.00000 para interpreter(05)
Mensaje D / 01:01:24:750 / iq(07) / ... para interpreter(05)
Mensaje X / 01:01:24:750 / interpreter(05) / doc /      2.00000 para i(06)
Mensaje D / 01:01:24:750 / i(06) / 00:00:00:000 para interpreter(05)
Mensaje D / 01:01:24:750 / interpreter(05) / 00:00:00:000 para top(01)
Mensaje D / 01:01:24:750 / top(01) / 00:00:00:000 para Root(00)
Mensaje * / 01:01:24:750 / Root(00) para top(01)
Mensaje * / 01:01:24:750 / top(01) para interpreter(05)
Mensaje * / 01:01:24:750 / interpreter(05) para i(06)
Mensaje Y / 01:01:24:750 / i(06) / doct /      2.00000 para interpreter(05)
Mensaje D / 01:01:24:750 / i(06) / ... para interpreter(05)
Mensaje Y / 01:01:24:750 / interpreter(05) / doct /      2.00000 para top(01)
Mensaje X / 01:01:24:750 / interpreter(05) / done /      2.00000 para iq(07)
Mensaje D / 01:01:24:750 / iq(07) / 00:00:02:000 para interpreter(05)
Mensaje D / 01:01:24:750 / interpreter(05) / 00:00:02:000 para top(01)
Mensaje D / 01:01:24:750 / top(01) / 00:00:02:000 para Root(00)
Mensaje * / 01:01:26:750 / Root(00) para top(01)
Mensaje * / 01:01:26:750 / top(01) para interpreter(05)
Mensaje * / 01:01:26:750 / interpreter(05) para iq(07)
Mensaje Y / 01:01:26:750 / iq(07) / out /      2.00000 para interpreter(05)
Mensaje D / 01:01:26:750 / iq(07) / ... para interpreter(05)
Mensaje X / 01:01:26:750 / interpreter(05) / doc /      2.00000 para i(06)
Mensaje D / 01:01:26:750 / i(06) / 00:00:00:000 para interpreter(05)
Mensaje D / 01:01:26:750 / interpreter(05) / 00:00:00:000 para top(01)
Mensaje D / 01:01:26:750 / top(01) / 00:00:00:000 para Root(00)
Mensaje * / 01:01:26:750 / Root(00) para top(01)
Mensaje * / 01:01:26:750 / top(01) para interpreter(05)
Mensaje * / 01:01:26:750 / interpreter(05) para i(06)
Mensaje Y / 01:01:26:750 / i(06) / doct /      2.00000 para interpreter(05)
Mensaje D / 01:01:26:750 / i(06) / ... para interpreter(05)
Mensaje Y / 01:01:26:750 / interpreter(05) / doct /      2.00000 para top(01)
Mensaje X / 01:01:26:750 / interpreter(05) / done /      2.00000 para iq(07)
Mensaje D / 01:01:26:750 / iq(07) / 00:00:02:000 para interpreter(05)
Mensaje D / 01:01:26:750 / interpreter(05) / 00:00:02:000 para top(01)
Mensaje D / 01:01:26:750 / top(01) / 00:00:02:000 para Root(00)
Mensaje * / 01:01:28:750 / Root(00) para top(01)
Mensaje * / 01:01:28:750 / top(01) para interpreter(05)
Mensaje * / 01:01:28:750 / interpreter(05) para iq(07)
Mensaje Y / 01:01:28:750 / iq(07) / out /      2.00000 para interpreter(05)
Mensaje D / 01:01:28:750 / iq(07) / ... para interpreter(05)
Mensaje X / 01:01:28:750 / interpreter(05) / doc /      2.00000 para i(06)
Mensaje D / 01:01:28:750 / i(06) / 00:00:00:000 para interpreter(05)
Mensaje D / 01:01:28:750 / interpreter(05) / 00:00:00:000 para top(01)
Mensaje D / 01:01:28:750 / top(01) / 00:00:00:000 para Root(00)
Mensaje * / 01:01:28:750 / Root(00) para top(01)
Mensaje * / 01:01:28:750 / top(01) para interpreter(05)
Mensaje * / 01:01:28:750 / interpreter(05) para i(06)
Mensaje Y / 01:01:28:750 / i(06) / doct /      2.00000 para interpreter(05)
Mensaje D / 01:01:28:750 / i(06) / ... para interpreter(05)
Mensaje Y / 01:01:28:750 / interpreter(05) / doct /      2.00000 para top(01)
Mensaje X / 01:01:28:750 / interpreter(05) / done /      2.00000 para iq(07)
Mensaje D / 01:01:28:750 / iq(07) / 00:00:00:000 para interpreter(05)
Mensaje D / 01:01:28:750 / interpreter(05) / 00:00:00:000 para top(01)
Mensaje D / 01:01:28:750 / top(01) / 00:00:00:000 para Root(00)
Mensaje * / 01:01:28:750 / Root(00) para top(01)
Mensaje * / 01:01:28:750 / top(01) para interpreter(05)
Mensaje * / 01:01:28:750 / interpreter(05) para iq(07)
Mensaje Y / 01:01:28:750 / iq(07) / empty /      1.00000 para interpreter(05)
Mensaje D / 01:01:28:750 / iq(07) / ... para interpreter(05)
Mensaje X / 01:01:28:750 / interpreter(05) / colavacia /      1.00000 para i(06)
Mensaje X / 01:01:28:750 / interpreter(05) / stop /      1.00000 para igr(08)
Mensaje D / 01:01:28:750 / i(06) / 00:00:00:000 para interpreter(05)
Mensaje D / 01:01:28:750 / igr(08) / ... para interpreter(05)
Mensaje D / 01:01:28:750 / interpreter(05) / 00:00:00:000 para top(01)
Mensaje D / 01:01:28:750 / top(01) / 00:00:00:000 para Root(00)
Mensaje * / 01:01:28:750 / Root(00) para top(01)
Mensaje * / 01:01:28:750 / top(01) para interpreter(05)
Mensaje * / 01:01:28:750 / interpreter(05) para i(06)
Mensaje Y / 01:01:28:750 / i(06) / tidle /   3648.00000 para interpreter(05)
Mensaje Y / 01:01:28:750 / i(06) / cantdoct /     18.00000 para interpreter(05)
Mensaje Y / 01:01:28:750 / i(06) / cantdocv /      2.00000 para interpreter(05)
Mensaje D / 01:01:28:750 / i(06) / ... para interpreter(05)
Mensaje Y / 01:01:28:750 / interpreter(05) / tidle /   3648.00000 para top(01)
Mensaje Y / 01:01:28:750 / interpreter(05) / cantdoct /     18.00000 para top(01)
Mensaje Y / 01:01:28:750 / interpreter(05) / cantdocv /      2.00000 para top(01)
Mensaje D / 01:01:28:750 / interpreter(05) / ... para top(01)
Mensaje Y / 01:01:28:750 / top(01) / tidleinterpret /   3648.00000 para Root(00)
Mensaje D / 01:01:28:750 / top(01) / 00:00:02:000 para Root(00)
Mensaje * / 01:01:30:750 / Root(00) para top(01)
Mensaje * / 01:01:30:750 / top(01) para correction(09)
Mensaje * / 01:01:30:750 / correction(09) para vq(11)
Mensaje Y / 01:01:30:750 / vq(11) / out /      2.00000 para correction(09)
Mensaje D / 01:01:30:750 / vq(11) / ... para correction(09)
Mensaje X / 01:01:30:750 / correction(09) / doc /      2.00000 para v(10)
Mensaje D / 01:01:30:750 / v(10) / 00:00:00:000 para correction(09)
Mensaje D / 01:01:30:750 / correction(09) / 00:00:00:000 para top(01)
Mensaje D / 01:01:30:750 / top(01) / 00:00:00:000 para Root(00)
Mensaje * / 01:01:30:750 / Root(00) para top(01)
Mensaje * / 01:01:30:750 / top(01) para correction(09)
Mensaje * / 01:01:30:750 / correction(09) para v(10)
Mensaje Y / 01:01:30:750 / v(10) / doct /      2.00000 para correction(09)
Mensaje Y / 01:01:30:750 / v(10) / arrancar /      0.00000 para correction(09)
Mensaje D / 01:01:30:750 / v(10) / ... para correction(09)
Mensaje Y / 01:01:30:750 / correction(09) / doct /      2.00000 para top(01)
Mensaje X / 01:01:30:750 / correction(09) / done /      2.00000 para vq(11)
Mensaje X / 01:01:30:750 / correction(09) / stop /      0.00000 para vgr(12)
Mensaje D / 01:01:30:750 / vq(11) / 00:00:00:000 para correction(09)
Mensaje D / 01:01:30:750 / vgr(12) / 00:00:00:000 para correction(09)
Mensaje D / 01:01:30:750 / correction(09) / 00:00:00:000 para top(01)
Mensaje D / 01:01:30:750 / top(01) / 00:00:00:000 para Root(00)
Mensaje * / 01:01:30:750 / Root(00) para top(01)
Mensaje * / 01:01:30:750 / top(01) para correction(09)
Mensaje * / 01:01:30:750 / correction(09) para vq(11)
Mensaje Y / 01:01:30:750 / vq(11) / empty /      1.00000 para correction(09)
Mensaje D / 01:01:30:750 / vq(11) / ... para correction(09)
Mensaje X / 01:01:30:750 / correction(09) / colavacia /      1.00000 para v(10)
Mensaje X / 01:01:30:750 / correction(09) / stop /      1.00000 para vgr(12)
Mensaje D / 01:01:30:750 / v(10) / 00:00:00:000 para correction(09)
Mensaje D / 01:01:30:750 / vgr(12) / ... para correction(09)
Mensaje D / 01:01:30:750 / correction(09) / 00:00:00:000 para top(01)
Mensaje D / 01:01:30:750 / top(01) / 00:00:00:000 para Root(00)
Mensaje * / 01:01:30:750 / Root(00) para top(01)
Mensaje * / 01:01:30:750 / top(01) para correction(09)
Mensaje * / 01:01:30:750 / correction(09) para v(10)
Mensaje Y / 01:01:30:750 / v(10) / tidle /   3550.00000 para correction(09)
Mensaje Y / 01:01:30:750 / v(10) / cantdoct /      1.00000 para correction(09)
Mensaje Y / 01:01:30:750 / v(10) / cantdocb /      1.00000 para correction(09)
Mensaje D / 01:01:30:750 / v(10) / ... para correction(09)
Mensaje Y / 01:01:30:750 / correction(09) / tidle /   3550.00000 para top(01)
Mensaje Y / 01:01:30:750 / correction(09) / cantdoct /      1.00000 para top(01)
Mensaje Y / 01:01:30:750 / correction(09) / cantdocb /      1.00000 para top(01)
Mensaje D / 01:01:30:750 / correction(09) / ... para top(01)
Mensaje Y / 01:01:30:750 / top(01) / tidleverify /   3550.00000 para Root(00)
Mensaje D / 01:01:30:750 / top(01) / ... para Root(00)
Mensaje X / 08:00:00:000 / Root(00) / fin /      1.00000 para top(01)
Mensaje X / 08:00:00:000 / top(01) / fin /      1.00000 para scanner(02)
Mensaje X / 08:00:00:000 / scanner(02) / fin /      1.00000 para s(03)
Mensaje D / 08:00:00:000 / s(03) / 00:00:00:000 para scanner(02)
Mensaje D / 08:00:00:000 / scanner(02) / 00:00:00:000 para top(01)
Mensaje D / 08:00:00:000 / top(01) / 00:00:00:000 para Root(00)
Mensaje * / 08:00:00:000 / Root(00) para top(01)
Mensaje * / 08:00:00:000 / top(01) para scanner(02)
Mensaje * / 08:00:00:000 / scanner(02) para s(03)
Mensaje Y / 08:00:00:000 / s(03) / tidle /  28771.00000 para scanner(02)
Mensaje Y / 08:00:00:000 / s(03) / cantdoc /     20.00000 para scanner(02)
Mensaje Y / 08:00:00:000 / s(03) / finished /      1.00000 para scanner(02)
Mensaje D / 08:00:00:000 / s(03) / ... para scanner(02)
Mensaje Y / 08:00:00:000 / scanner(02) / tidle /  28771.00000 para top(01)
Mensaje Y / 08:00:00:000 / scanner(02) / finished /      1.00000 para top(01)
Mensaje D / 08:00:00:000 / scanner(02) / ... para top(01)
Mensaje Y / 08:00:00:000 / top(01) / tidlescan /  28771.00000 para Root(00)
Mensaje X / 08:00:00:000 / top(01) / fin /      1.00000 para interpreter(05)
Mensaje X / 08:00:00:000 / top(01) / fin /      1.00000 para correction(09)
Mensaje X / 08:00:00:000 / interpreter(05) / fin /      1.00000 para i(06)
Mensaje X / 08:00:00:000 / correction(09) / fin /      1.00000 para v(10)
Mensaje D / 08:00:00:000 / i(06) / 00:00:00:000 para interpreter(05)
Mensaje D / 08:00:00:000 / v(10) / 00:00:00:000 para correction(09)
Mensaje D / 08:00:00:000 / interpreter(05) / 00:00:00:000 para top(01)
Mensaje D / 08:00:00:000 / correction(09) / 00:00:00:000 para top(01)
Mensaje D / 08:00:00:000 / top(01) / 00:00:00:000 para Root(00)
Mensaje * / 08:00:00:000 / Root(00) para top(01)
Mensaje * / 08:00:00:000 / top(01) para interpreter(05)
Mensaje * / 08:00:00:000 / interpreter(05) para i(06)
Mensaje Y / 08:00:00:000 / i(06) / tidle /  28759.00000 para interpreter(05)
Mensaje Y / 08:00:00:000 / i(06) / cantdoct /     18.00000 para interpreter(05)
Mensaje Y / 08:00:00:000 / i(06) / cantdocv /      2.00000 para interpreter(05)
Mensaje D / 08:00:00:000 / i(06) / ... para interpreter(05)
Mensaje Y / 08:00:00:000 / interpreter(05) / tidle /  28759.00000 para top(01)
Mensaje Y / 08:00:00:000 / interpreter(05) / cantdoct /     18.00000 para top(01)
Mensaje Y / 08:00:00:000 / interpreter(05) / cantdocv /      2.00000 para top(01)
Mensaje D / 08:00:00:000 / interpreter(05) / ... para top(01)
Mensaje Y / 08:00:00:000 / top(01) / tidleinterpret /  28759.00000 para Root(00)
Mensaje D / 08:00:00:000 / top(01) / 00:00:00:000 para Root(00)
Mensaje * / 08:00:00:000 / Root(00) para top(01)
Mensaje * / 08:00:00:000 / top(01) para correction(09)
Mensaje * / 08:00:00:000 / correction(09) para v(10)
Mensaje Y / 08:00:00:000 / v(10) / tidle /  28659.00000 para correction(09)
Mensaje Y / 08:00:00:000 / v(10) / cantdoct /      1.00000 para correction(09)
Mensaje Y / 08:00:00:000 / v(10) / cantdocb /      1.00000 para correction(09)
Mensaje D / 08:00:00:000 / v(10) / ... para correction(09)
Mensaje Y / 08:00:00:000 / correction(09) / tidle /  28659.00000 para top(01)
Mensaje Y / 08:00:00:000 / correction(09) / cantdoct /      1.00000 para top(01)
Mensaje Y / 08:00:00:000 / correction(09) / cantdocb /      1.00000 para top(01)
Mensaje D / 08:00:00:000 / correction(09) / ... para top(01)
Mensaje Y / 08:00:00:000 / top(01) / tidleverify /  28659.00000 para Root(00)
Mensaje D / 08:00:00:000 / top(01) / ... para Root(00)
